30/09/2019 17:05:12 DEBUG PropertiesFileLocalPreferences:125 - LOADING LOCAL PROPERTIES FROM /Users/linferdcampbell/IdeaProjects/BusinesConsoleUiTest/serenity.properties 
30/09/2019 17:05:13 DEBUG PropertiesFileLocalPreferences:125 - LOADING LOCAL PROPERTIES FROM /Users/linferdcampbell/IdeaProjects/BusinesConsoleUiTest/serenity.properties 
30/09/2019 17:05:13 DEBUG PropertiesFileLocalPreferences:125 - LOADING LOCAL PROPERTIES FROM /Users/linferdcampbell/IdeaProjects/BusinesConsoleUiTest/serenity.properties 
30/09/2019 17:05:13 DEBUG PropertiesFileLocalPreferences:140 - webdriver.provided.type=mydriver
30/09/2019 17:05:13 DEBUG PropertiesFileLocalPreferences:140 - serenity.project.name=UI Acceptance Tests
30/09/2019 17:05:13 DEBUG PropertiesFileLocalPreferences:140 - webdriver.provided.mydriver=com.optal.webdrivermanager.WebdriverManager
30/09/2019 17:05:13 DEBUG PropertiesFileLocalPreferences:140 - serenity.requirement.types=feature, story
30/09/2019 17:05:13 DEBUG PropertiesFileLocalPreferences:125 - LOADING LOCAL PROPERTIES FROM /Users/linferdcampbell/IdeaProjects/BusinesConsoleUiTest/serenity.properties 
30/09/2019 17:05:13 DEBUG PropertiesFileLocalPreferences:125 - LOADING LOCAL PROPERTIES FROM /Users/linferdcampbell/IdeaProjects/BusinesConsoleUiTest/serenity.properties 
30/09/2019 17:05:13 DEBUG PropertiesFileLocalPreferences:125 - LOADING LOCAL PROPERTIES FROM /Users/linferdcampbell/IdeaProjects/BusinesConsoleUiTest/serenity.properties 
30/09/2019 17:05:13 DEBUG PropertiesFileLocalPreferences:140 - webdriver.provided.type=mydriver
30/09/2019 17:05:13 DEBUG PropertiesFileLocalPreferences:140 - serenity.project.name=UI Acceptance Tests
30/09/2019 17:05:13 DEBUG PropertiesFileLocalPreferences:140 - webdriver.provided.mydriver=com.optal.webdrivermanager.WebdriverManager
30/09/2019 17:05:13 DEBUG PropertiesFileLocalPreferences:140 - serenity.requirement.types=feature, story
30/09/2019 17:05:13  INFO ConsoleLoggingListener:217 - 

-------------------------------------------------------------------------------------
     _______. _______ .______       _______ .__   __.  __  .___________.____    ____ 
    /       ||   ____||   _  \     |   ____||  \ |  | |  | |           |\   \  /   / 
   |   (----`|  |__   |  |_)  |    |  |__   |   \|  | |  | `---|  |----` \   \/   /  
    \   \    |   __|  |      /     |   __|  |  . `  | |  |     |  |       \_    _/   
.----)   |   |  |____ |  |\  \----.|  |____ |  |\   | |  |     |  |         |  |     
|_______/    |_______|| _| `._____||_______||__| \__| |__|     |__|         |__|    
                                                                                     
 News and tutorials at http://www.serenity-bdd.info                                  
 Documentation at https://wakaleo.gitbooks.io/the-serenity-book/content/             
 Join the Serenity Community on Rocket Chat at https://serenity-bdd.rocket.chat      
 Serenity BDD Support and Training at http://serenity-bdd.info/#/trainingandsupport  
 Learn Serenity BDD online at http://serenity-dojo.com                               
-------------------------------------------------------------------------------------

30/09/2019 17:05:13 DEBUG StepEventBus:245 - Test suite started for story net.thucydides.core.model.Story@559b4079
30/09/2019 17:05:13  INFO ConsoleLoggingListener:246 - Test Suite Started: Testing Login requirement feature
30/09/2019 17:05:13  WARN SerenityReporter:214 - Could not parse the Gherkin in feature file src/test/resources/Features/UC002RequestSingleCard.feature: file ignored
30/09/2019 17:05:13  INFO ConsoleLoggingListener:263 - 
 _____ _____ ____ _____   ____ _____  _    ____ _____ _____ ____  
|_   _| ____/ ___|_   _| / ___|_   _|/ \  |  _ \_   _| ____|  _ \ 
  | | |  _| \___ \ | |   \___ \ | | / _ \ | |_) || | |  _| | | | |
  | | | |___ ___) || |    ___) || |/ ___ \|  _ < | | | |___| |_| |
  |_| |_____|____/ |_|   |____/ |_/_/   \_\_| \_\|_| |_____|____/ 
                                                                  

TEST STARTED: Login test of Business Console application
-------------------------------------------------------------------(testing-login-requirement-feature;login-test-of-business-console-application)
30/09/2019 17:05:13 DEBUG RootDirectory:272 - Resource directories found in  in 17 ms: [src/test/resources]
30/09/2019 17:05:13 DEBUG RootDirectory:272 - Resource directories found in /Users/linferdcampbell/IdeaProjects/BusinesConsoleUiTest in 3 ms: [/Users/linferdcampbell/IdeaProjects/BusinesConsoleUiTest/src/test/resources]
30/09/2019 17:05:13 DEBUG CucumberParser:98 - Found no Cucumber 4.x.x class cucumber.runtime.model.FeatureLoader try Cucumber 2.x.x 
30/09/2019 17:05:13 DEBUG CucumberParser:98 - Found no Cucumber 4.x.x class cucumber.runtime.model.FeatureLoader try Cucumber 2.x.x 
30/09/2019 17:05:14 ERROR ConsoleLoggingListener:326 - 
           __  _____ _____ ____ _____   _____ _    ___ _     _____ ____  
  _       / / |_   _| ____/ ___|_   _| |  ___/ \  |_ _| |   | ____|  _ \ 
 (_)_____| |    | | |  _| \___ \ | |   | |_ / _ \  | || |   |  _| | | | |
  _|_____| |    | | | |___ ___) || |   |  _/ ___ \ | || |___| |___| |_| |
 (_)     | |    |_| |_____|____/ |_|   |_|/_/   \_\___|_____|_____|____/ 
          \_\                                                            

TEST FAILED WITH ERROR: Login test of Business Console application
---------------------------------------------------------------------
30/09/2019 17:05:14 DEBUG ConsoleLoggingListener:358 - RELATED ISSUES: 
30/09/2019 17:05:14 ERROR ConsoleLoggingListener:366 - TEST FAILED AT STEP When I login with client username & "client password"
30/09/2019 17:05:14 ERROR ConsoleLoggingListener:368 - 
30/09/2019 17:05:14 DEBUG ReportService:221 - Reporting formats: [JSON, HTML]
30/09/2019 17:05:14 DEBUG ReportService:258 - Reporting formats: [JSON, HTML]
30/09/2019 17:05:14 DEBUG ReportService:165 - Generating reports for 1 test outcomes using: net.thucydides.core.reports.json.JSONTestOutcomeReporter@5eccd3b9
30/09/2019 17:05:14 DEBUG ReportService:176 - Processing test outcome Testing Login requirement feature:Login test of Business Console application
30/09/2019 17:05:14 DEBUG ReportService:237 - net.thucydides.core.reports.json.JSONTestOutcomeReporter@5eccd3b9: Generating report for test outcome: Testing Login requirement feature:Login test of Business Console application
30/09/2019 17:05:14 DEBUG JSONTestOutcomeReporter:57 - Generating JSON report for Login test of Business Console application to file /Users/linferdcampbell/IdeaProjects/BusinesConsoleUiTest/target/site/serenity/4b21d522bc894d9483c47761538d9b414e4e62be22654380219336ec31fa27d3.json (using temp file /Users/linferdcampbell/IdeaProjects/BusinesConsoleUiTest/target/site/serenity/4b21d522bc894d9483c47761538d9b414e4e62be22654380219336ec31fa27d3.json0b68b0f6-0d2a-4dfd-9b4b-5eb067638574)
30/09/2019 17:05:14 DEBUG ReportService:178 - Processing test outcome Testing Login requirement feature:Login test of Business Console application done
30/09/2019 17:05:14 DEBUG ReportService:183 - Shutting down executor service
30/09/2019 17:05:14 DEBUG ReportService:187 - Reports generated in: 42 ms
30/09/2019 17:05:14 DEBUG ReportService:165 - Generating reports for 1 test outcomes using: net.thucydides.core.reports.html.HtmlAcceptanceTestReporter@abbc908
30/09/2019 17:05:14 DEBUG ReportService:176 - Processing test outcome Testing Login requirement feature:Login test of Business Console application
30/09/2019 17:05:14 DEBUG ReportService:237 - net.thucydides.core.reports.html.HtmlAcceptanceTestReporter@abbc908: Generating report for test outcome: Testing Login requirement feature:Login test of Business Console application
30/09/2019 17:05:14 DEBUG HtmlAcceptanceTestReporter:100 - GENERATE TEST OUTCOME REPORT FOR Login test of Business Console application in 4b21d522bc894d9483c47761538d9b414e4e62be22654380219336ec31fa27d3
30/09/2019 17:05:14 DEBUG CucumberParser:98 - Found no Cucumber 4.x.x class cucumber.runtime.model.FeatureLoader try Cucumber 2.x.x 
30/09/2019 17:05:14 DEBUG CucumberParser:98 - Found no Cucumber 4.x.x class cucumber.runtime.model.FeatureLoader try Cucumber 2.x.x 
30/09/2019 17:05:14 DEBUG RequirementsTagProvider:44 -  found:[Requirement{name='Testing Login requirement feature', type='feature' parent = 'null', cardNumber='null'}, Requirement{name='Uc002 request single card', type='feature' parent = 'null', cardNumber='null'}]
30/09/2019 17:05:14 DEBUG BaseRequirementsService:80 - Requirement found for test outcome Login test of Business Console application-[]: Optional[Requirement{name='Testing Login requirement feature', type='feature' parent = 'null', cardNumber='null'}]
30/09/2019 17:05:14 DEBUG BaseRequirementsService:80 - Requirement found for test outcome Login test of Business Console application-[]: Optional[Requirement{name='Testing Login requirement feature', type='feature' parent = 'null', cardNumber='null'}]
30/09/2019 17:05:14 DEBUG HtmlAcceptanceTestReporter:118 - GENERATING HTML REPORT FOR Testing Login requirement feature:Login test of Business Console application in 4b21d522bc894d9483c47761538d9b414e4e62be22654380219336ec31fa27d3.html in directory target/site/serenity  
30/09/2019 17:05:15 DEBUG HtmlAcceptanceTestReporter:135 - Generating report in 4b21d522bc894d9483c47761538d9b414e4e62be22654380219336ec31fa27d3.html
30/09/2019 17:05:15 DEBUG cache:44 - Couldn't find template in cache for "freemarker/default.ftl"("en_GB", UTF-8, parsed); will try to load it.
30/09/2019 17:05:15 DEBUG cache:44 - TemplateLoader.findTemplateSource("freemarker/default_en_GB.ftl"): Not found
30/09/2019 17:05:15 DEBUG cache:44 - TemplateLoader.findTemplateSource("freemarker/default_en.ftl"): Not found
30/09/2019 17:05:15 DEBUG cache:44 - TemplateLoader.findTemplateSource("freemarker/default.ftl"): Found
30/09/2019 17:05:15 DEBUG cache:44 - Loading template for "freemarker/default.ftl"("en_GB", UTF-8, parsed) from "jar:file:/Users/linferdcampbell/.m2/repository/net/serenity-bdd/serenity-report-resources/2.0.73/serenity-report-resources-2.0.73.jar!/freemarker/default.ftl"
30/09/2019 17:05:15 DEBUG cache:44 - Couldn't find template in cache for "freemarker/libraries/favicon.ftl"("en_GB", UTF-8, parsed); will try to load it.
30/09/2019 17:05:15 DEBUG cache:44 - TemplateLoader.findTemplateSource("freemarker/libraries/favicon_en_GB.ftl"): Not found
30/09/2019 17:05:15 DEBUG cache:44 - TemplateLoader.findTemplateSource("freemarker/libraries/favicon_en.ftl"): Not found
30/09/2019 17:05:15 DEBUG cache:44 - TemplateLoader.findTemplateSource("freemarker/libraries/favicon.ftl"): Found
30/09/2019 17:05:15 DEBUG cache:44 - Loading template for "freemarker/libraries/favicon.ftl"("en_GB", UTF-8, parsed) from "jar:file:/Users/linferdcampbell/.m2/repository/net/serenity-bdd/serenity-report-resources/2.0.73/serenity-report-resources-2.0.73.jar!/freemarker/libraries/favicon.ftl"
30/09/2019 17:05:15 DEBUG cache:44 - Couldn't find template in cache for "freemarker/libraries/common.ftl"("en_GB", UTF-8, parsed); will try to load it.
30/09/2019 17:05:15 DEBUG cache:44 - TemplateLoader.findTemplateSource("freemarker/libraries/common_en_GB.ftl"): Not found
30/09/2019 17:05:15 DEBUG cache:44 - TemplateLoader.findTemplateSource("freemarker/libraries/common_en.ftl"): Not found
30/09/2019 17:05:15 DEBUG cache:44 - TemplateLoader.findTemplateSource("freemarker/libraries/common.ftl"): Found
30/09/2019 17:05:15 DEBUG cache:44 - Loading template for "freemarker/libraries/common.ftl"("en_GB", UTF-8, parsed) from "jar:file:/Users/linferdcampbell/.m2/repository/net/serenity-bdd/serenity-report-resources/2.0.73/serenity-report-resources-2.0.73.jar!/freemarker/libraries/common.ftl"
30/09/2019 17:05:15 DEBUG cache:44 - Couldn't find template in cache for "freemarker/libraries/font-awesome.ftl"("en_GB", UTF-8, parsed); will try to load it.
30/09/2019 17:05:15 DEBUG cache:44 - TemplateLoader.findTemplateSource("freemarker/libraries/font-awesome_en_GB.ftl"): Not found
30/09/2019 17:05:15 DEBUG cache:44 - TemplateLoader.findTemplateSource("freemarker/libraries/font-awesome_en.ftl"): Not found
30/09/2019 17:05:15 DEBUG cache:44 - TemplateLoader.findTemplateSource("freemarker/libraries/font-awesome.ftl"): Found
30/09/2019 17:05:15 DEBUG cache:44 - Loading template for "freemarker/libraries/font-awesome.ftl"("en_GB", UTF-8, parsed) from "jar:file:/Users/linferdcampbell/.m2/repository/net/serenity-bdd/serenity-report-resources/2.0.73/serenity-report-resources-2.0.73.jar!/freemarker/libraries/font-awesome.ftl"
30/09/2019 17:05:15 DEBUG cache:44 - Couldn't find template in cache for "freemarker/libraries/jquery.ftl"("en_GB", UTF-8, parsed); will try to load it.
30/09/2019 17:05:15 DEBUG cache:44 - TemplateLoader.findTemplateSource("freemarker/libraries/jquery_en_GB.ftl"): Not found
30/09/2019 17:05:15 DEBUG cache:44 - TemplateLoader.findTemplateSource("freemarker/libraries/jquery_en.ftl"): Not found
30/09/2019 17:05:15 DEBUG cache:44 - TemplateLoader.findTemplateSource("freemarker/libraries/jquery.ftl"): Found
30/09/2019 17:05:15 DEBUG cache:44 - Loading template for "freemarker/libraries/jquery.ftl"("en_GB", UTF-8, parsed) from "jar:file:/Users/linferdcampbell/.m2/repository/net/serenity-bdd/serenity-report-resources/2.0.73/serenity-report-resources-2.0.73.jar!/freemarker/libraries/jquery.ftl"
30/09/2019 17:05:15 DEBUG cache:44 - Couldn't find template in cache for "freemarker/libraries/chartist.ftl"("en_GB", UTF-8, parsed); will try to load it.
30/09/2019 17:05:15 DEBUG cache:44 - TemplateLoader.findTemplateSource("freemarker/libraries/chartist_en_GB.ftl"): Not found
30/09/2019 17:05:15 DEBUG cache:44 - TemplateLoader.findTemplateSource("freemarker/libraries/chartist_en.ftl"): Not found
30/09/2019 17:05:15 DEBUG cache:44 - TemplateLoader.findTemplateSource("freemarker/libraries/chartist.ftl"): Found
30/09/2019 17:05:15 DEBUG cache:44 - Loading template for "freemarker/libraries/chartist.ftl"("en_GB", UTF-8, parsed) from "jar:file:/Users/linferdcampbell/.m2/repository/net/serenity-bdd/serenity-report-resources/2.0.73/serenity-report-resources-2.0.73.jar!/freemarker/libraries/chartist.ftl"
30/09/2019 17:05:15 DEBUG cache:44 - Couldn't find template in cache for "freemarker/libraries/treeview.ftl"("en_GB", UTF-8, parsed); will try to load it.
30/09/2019 17:05:15 DEBUG cache:44 - TemplateLoader.findTemplateSource("freemarker/libraries/treeview_en_GB.ftl"): Not found
30/09/2019 17:05:15 DEBUG cache:44 - TemplateLoader.findTemplateSource("freemarker/libraries/treeview_en.ftl"): Not found
30/09/2019 17:05:15 DEBUG cache:44 - TemplateLoader.findTemplateSource("freemarker/libraries/treeview.ftl"): Found
30/09/2019 17:05:15 DEBUG cache:44 - Loading template for "freemarker/libraries/treeview.ftl"("en_GB", UTF-8, parsed) from "jar:file:/Users/linferdcampbell/.m2/repository/net/serenity-bdd/serenity-report-resources/2.0.73/serenity-report-resources-2.0.73.jar!/freemarker/libraries/treeview.ftl"
30/09/2019 17:05:15 DEBUG cache:44 - Couldn't find template in cache for "freemarker/libraries/datatables.ftl"("en_GB", UTF-8, parsed); will try to load it.
30/09/2019 17:05:15 DEBUG cache:44 - TemplateLoader.findTemplateSource("freemarker/libraries/datatables_en_GB.ftl"): Not found
30/09/2019 17:05:15 DEBUG cache:44 - TemplateLoader.findTemplateSource("freemarker/libraries/datatables_en.ftl"): Not found
30/09/2019 17:05:15 DEBUG cache:44 - TemplateLoader.findTemplateSource("freemarker/libraries/datatables.ftl"): Found
30/09/2019 17:05:15 DEBUG cache:44 - Loading template for "freemarker/libraries/datatables.ftl"("en_GB", UTF-8, parsed) from "jar:file:/Users/linferdcampbell/.m2/repository/net/serenity-bdd/serenity-report-resources/2.0.73/serenity-report-resources-2.0.73.jar!/freemarker/libraries/datatables.ftl"
30/09/2019 17:05:15 DEBUG cache:44 - Couldn't find template in cache for "freemarker/libraries/css.ftl"("en_GB", UTF-8, parsed); will try to load it.
30/09/2019 17:05:15 DEBUG cache:44 - TemplateLoader.findTemplateSource("freemarker/libraries/css_en_GB.ftl"): Not found
30/09/2019 17:05:15 DEBUG cache:44 - TemplateLoader.findTemplateSource("freemarker/libraries/css_en.ftl"): Not found
30/09/2019 17:05:15 DEBUG cache:44 - TemplateLoader.findTemplateSource("freemarker/libraries/css.ftl"): Found
30/09/2019 17:05:15 DEBUG cache:44 - Loading template for "freemarker/libraries/css.ftl"("en_GB", UTF-8, parsed) from "jar:file:/Users/linferdcampbell/.m2/repository/net/serenity-bdd/serenity-report-resources/2.0.73/serenity-report-resources-2.0.73.jar!/freemarker/libraries/css.ftl"
30/09/2019 17:05:15 DEBUG cache:44 - Couldn't find template in cache for "freemarker/libraries/jquery-ui.ftl"("en_GB", UTF-8, parsed); will try to load it.
30/09/2019 17:05:15 DEBUG cache:44 - TemplateLoader.findTemplateSource("freemarker/libraries/jquery-ui_en_GB.ftl"): Not found
30/09/2019 17:05:15 DEBUG cache:44 - TemplateLoader.findTemplateSource("freemarker/libraries/jquery-ui_en.ftl"): Not found
30/09/2019 17:05:15 DEBUG cache:44 - TemplateLoader.findTemplateSource("freemarker/libraries/jquery-ui.ftl"): Found
30/09/2019 17:05:15 DEBUG cache:44 - Loading template for "freemarker/libraries/jquery-ui.ftl"("en_GB", UTF-8, parsed) from "jar:file:/Users/linferdcampbell/.m2/repository/net/serenity-bdd/serenity-report-resources/2.0.73/serenity-report-resources-2.0.73.jar!/freemarker/libraries/jquery-ui.ftl"
30/09/2019 17:05:15 DEBUG cache:44 - "freemarker/libraries/datatables.ftl"("en_GB", UTF-8, parsed) cached copy not yet stale; using cached.
30/09/2019 17:05:15 DEBUG cache:44 - Couldn't find template in cache for "freemarker/libraries/imgpreview.ftl"("en_GB", UTF-8, parsed); will try to load it.
30/09/2019 17:05:15 DEBUG cache:44 - TemplateLoader.findTemplateSource("freemarker/libraries/imgpreview_en_GB.ftl"): Not found
30/09/2019 17:05:15 DEBUG cache:44 - TemplateLoader.findTemplateSource("freemarker/libraries/imgpreview_en.ftl"): Not found
30/09/2019 17:05:15 DEBUG cache:44 - TemplateLoader.findTemplateSource("freemarker/libraries/imgpreview.ftl"): Found
30/09/2019 17:05:15 DEBUG cache:44 - Loading template for "freemarker/libraries/imgpreview.ftl"("en_GB", UTF-8, parsed) from "jar:file:/Users/linferdcampbell/.m2/repository/net/serenity-bdd/serenity-report-resources/2.0.73/serenity-report-resources-2.0.73.jar!/freemarker/libraries/imgpreview.ftl"
30/09/2019 17:05:15 DEBUG cache:44 - Couldn't find template in cache for "freemarker/components/report-data.ftl"("en_GB", UTF-8, parsed); will try to load it.
30/09/2019 17:05:15 DEBUG cache:44 - TemplateLoader.findTemplateSource("freemarker/components/report-data_en_GB.ftl"): Not found
30/09/2019 17:05:15 DEBUG cache:44 - TemplateLoader.findTemplateSource("freemarker/components/report-data_en.ftl"): Not found
30/09/2019 17:05:15 DEBUG cache:44 - TemplateLoader.findTemplateSource("freemarker/components/report-data.ftl"): Found
30/09/2019 17:05:15 DEBUG cache:44 - Loading template for "freemarker/components/report-data.ftl"("en_GB", UTF-8, parsed) from "jar:file:/Users/linferdcampbell/.m2/repository/net/serenity-bdd/serenity-report-resources/2.0.73/serenity-report-resources-2.0.73.jar!/freemarker/components/report-data.ftl"
30/09/2019 17:05:15 DEBUG cache:44 - Couldn't find template in cache for "freemarker/components/stacktrace.ftl"("en_GB", UTF-8, parsed); will try to load it.
30/09/2019 17:05:15 DEBUG cache:44 - TemplateLoader.findTemplateSource("freemarker/components/stacktrace_en_GB.ftl"): Not found
30/09/2019 17:05:15 DEBUG cache:44 - TemplateLoader.findTemplateSource("freemarker/components/stacktrace_en.ftl"): Not found
30/09/2019 17:05:15 DEBUG cache:44 - TemplateLoader.findTemplateSource("freemarker/components/stacktrace.ftl"): Found
30/09/2019 17:05:15 DEBUG cache:44 - Loading template for "freemarker/components/stacktrace.ftl"("en_GB", UTF-8, parsed) from "jar:file:/Users/linferdcampbell/.m2/repository/net/serenity-bdd/serenity-report-resources/2.0.73/serenity-report-resources-2.0.73.jar!/freemarker/components/stacktrace.ftl"
30/09/2019 17:05:15 DEBUG cache:44 - Couldn't find template in cache for "freemarker/menu.ftl"("en_GB", UTF-8, parsed); will try to load it.
30/09/2019 17:05:15 DEBUG cache:44 - TemplateLoader.findTemplateSource("freemarker/menu_en_GB.ftl"): Not found
30/09/2019 17:05:15 DEBUG cache:44 - TemplateLoader.findTemplateSource("freemarker/menu_en.ftl"): Not found
30/09/2019 17:05:15 DEBUG cache:44 - TemplateLoader.findTemplateSource("freemarker/menu.ftl"): Found
30/09/2019 17:05:15 DEBUG cache:44 - Loading template for "freemarker/menu.ftl"("en_GB", UTF-8, parsed) from "jar:file:/Users/linferdcampbell/.m2/repository/net/serenity-bdd/serenity-report-resources/2.0.73/serenity-report-resources-2.0.73.jar!/freemarker/menu.ftl"
30/09/2019 17:05:15 DEBUG HtmlAcceptanceTestReporter:143 - Generated report 4b21d522bc894d9483c47761538d9b414e4e62be22654380219336ec31fa27d3.html in 606 ms
30/09/2019 17:05:15 DEBUG ReportService:178 - Processing test outcome Testing Login requirement feature:Login test of Business Console application done
30/09/2019 17:05:15 DEBUG ReportService:183 - Shutting down executor service
30/09/2019 17:05:15 DEBUG ReportService:187 - Reports generated in: 981 ms
